2026-07-23 13:49 | aerolineas-fix.js -> [graphify watch] Rebuilt: 106 nodes, 176 edges, 13 communities
2026-07-23 13:49 | aerolineas-fix.js -> sin cambios
2026-07-23 13:49 | aerolineas-fix.js -> [graphify watch] Rebuilt: 106 nodes, 176 edges, 13 communities
2026-07-23 13:50 | aerolineas-fix.js -> [graphify watch] Rebuilt: 106 nodes, 176 edges, 13 communities
2026-07-23 13:50 | aerolineas-fix.js -> sin cambios
2026-07-23 13:50 | aerolineas-fix.js -> [graphify watch] Rebuilt: 106 nodes, 176 edges, 13 communities
2026-07-23 13:50 | aerolineas-fix.js -> sin cambios
2026-07-23 13:50 | aerolineas-fix.js -> sin cambios
2026-07-23 14:11 | reano-shell.js -> [graphify watch] Rebuilt: 108 nodes, 180 edges, 13 communities
2026-07-23 14:11 | reano-shell.js -> [graphify watch] Rebuilt: 108 nodes, 181 edges, 13 communities
2026-07-23 14:12 | reano-shell.js -> sin cambios
2026-07-23 14:12 | reano-shell.js -> sin cambios
2026-07-23 14:13 | paquetes-internacionales.js -> [graphify watch] Rebuilt: 108 nodes, 181 edges, 13 communities
2026-07-23 14:13 | paquetes-internacionales.js -> [graphify watch] Rebuilt: 109 nodes, 183 edges, 13 communities
2026-07-23 15:39 | reano-ui.js -> [graphify watch] Rebuilt: 108 nodes, 181 edges, 13 communities
2026-07-23 15:39 | reano-ui.js -> [graphify watch] Rebuilt: 107 nodes, 179 edges, 13 communities
2026-07-23 15:39 | reano-ui.js -> sin cambios
2026-07-23 15:39 | reano-ui.js -> sin cambios
2026-07-23 15:47 | reano-ui.js -> [graphify watch] Rebuilt: 108 nodes, 180 edges, 13 communities
2026-07-23 15:48 | reano-ui.js -> [graphify watch] Rebuilt: 108 nodes, 181 edges, 13 communities
2026-07-23 15:57 | paquetes-showcase.js -> [graphify watch] Rebuilt: 108 nodes, 181 edges, 13 communities
2026-07-23 15:57 | paquetes-showcase.js -> [graphify watch] Rebuilt: 109 nodes, 183 edges, 13 communities
2026-07-23 15:57 | reano-ui.js -> [graphify watch] Rebuilt: 109 nodes, 183 edges, 13 communities
2026-07-23 16:51 | reano-ui.js -> [graphify watch] Rebuilt: 108 nodes, 181 edges, 13 communities
2026-07-23 16:51 | reano-ui.js -> sin cambios
2026-07-23 18:34 | paquetes-internacionales.js -> sin cambios
2026-07-23 18:34 | paquetes-internacionales.js -> [graphify watch] Rebuilt: 108 nodes, 181 edges, 13 communities
2026-07-23 18:34 | paquetes-internacionales.js -> sin cambios
2026-07-23 18:34 | paquetes-internacionales.js -> sin cambios
2026-07-23 18:34 | paquetes-internacionales.js -> [graphify watch] Rebuilt: 108 nodes, 181 edges, 13 communities
2026-07-23 18:34 | paquetes-internacionales.js -> sin cambios
2026-07-23 18:35 | reano-ui.js -> [graphify watch] Rebuilt: 125 nodes, 195 edges, 16 communities
2026-07-23 18:52 | reano-ui.js -> [graphify watch] Rebuilt: 106 nodes, 179 edges, 13 communities
2026-07-23 18:52 | reano-ui.js -> [graphify watch] Rebuilt: 106 nodes, 180 edges, 13 communities
2026-07-23 18:52 | reano-ui.js -> sin cambios
2026-07-23 18:55 | reano-ui.js -> [graphify watch] Rebuilt: 106 nodes, 180 edges, 13 communities
2026-07-23 19:35 | reano-ui.js -> [graphify watch] Rebuilt: 106 nodes, 180 edges, 13 communities
2026-07-23 19:46 | reano-ui.js -> [graphify watch] Rebuilt: 106 nodes, 180 edges, 13 communities
2026-07-23 19:47 | reano-ui.js -> [graphify watch] Rebuilt: 106 nodes, 180 edges, 13 communities
2026-07-23 19:49 | reano-ui.js -> [graphify watch] Rebuilt: 106 nodes, 180 edges, 13 communities
2026-07-23 19:55 | reano-ui.js -> [graphify watch] Rebuilt: 106 nodes, 180 edges, 13 communities
2026-07-23 20:07 | reano-ui.js -> [graphify watch] Rebuilt: 106 nodes, 180 edges, 13 communities
2026-07-23 20:07 | reano-ui.js -> [graphify watch] Rebuilt: 106 nodes, 180 edges, 13 communities
2026-07-23 20:08 | reano-ui.js -> [graphify watch] Rebuilt: 106 nodes, 180 edges, 13 communities
2026-07-23 20:35 | reano-ui.js -> [graphify watch] Rebuilt: 106 nodes, 180 edges, 13 communities
2026-07-23 20:35 | reano-ui.js -> [graphify watch] Rebuilt: 107 nodes, 181 edges, 13 communities
2026-07-23 20:36 | reano-ui.js -> [graphify watch] Rebuilt: 107 nodes, 182 edges, 13 communities
2026-07-23 20:36 | reano-shell.js -> [graphify watch] Rebuilt: 107 nodes, 182 edges, 13 communities
2026-07-23 20:36 | reano-shell.js -> sin cambios
2026-07-23 20:46 | reano-ui.js -> [graphify watch] Rebuilt: 107 nodes, 182 edges, 13 communities
